<?xml version="1.0" encoding="utf-8"?>
<shfbBuild product="Sandcastle Help File Builder and Tools" version="2023.3.4.0" projectFile="D:\a\PicoXLSX\PicoXLSX\Documentation\CodeDocumentation.shfbproj" started="10/25/2024 10:59:45 PM">
<buildStep step="Initializing">
The Sandcastle tools are located in &#39;C:\Program Files (x86)\EWSoftware\Sandcastle Help File Builder&#39;
Locating components in the following folder(s):
    D:\a\PicoXLSX\PicoXLSX\Documentation
    C:\ProgramData\EWSoftware\Sandcastle Help File Builder\Components and Plug-Ins
    C:\Program Files (x86)\EWSoftware\Sandcastle Help File Builder\Components
Using framework reflection data for &#39;.NET Core/.NET Standard/.NET 5.0+&#39; located in &#39;C:\Program Files (x86)\EWSoftware\Sandcastle Help File Builder\Data\.NET&#39;
Using presentation style &#39;VS2013&#39; located in &#39;C:\Program Files (x86)\EWSoftware\Sandcastle Help File Builder\Components\VS2013&#39;
Searching for HTML Help 1 compiler...
Found HTML Help 1 compiler in &#39;C:\Program Files (x86)\HTML Help Workshop\&#39;
Loading and initializing plug-ins...
Lightweight Website Style Version 2023.3.4.0
Copyright &#169; 2006-2023, Eric Woodruff, All Rights Reserved
Portions Copyright &#169; 2014, Sam Harwell, All Rights Reserved
-------------------------------
Clearing any prior web/markdown output...
</buildStep>
<buildStep step="ValidatingDocumentationSources">
Validating and copying documentation source information
Source: D:\a\PicoXLSX\PicoXLSX\PicoXLSX .NET Standard\bin\Debug\net45\PicoXLSX.dll
    Found assembly &#39;D:\a\PicoXLSX\PicoXLSX\PicoXLSX .NET Standard\bin\Debug\net45\PicoXLSX.dll&#39;
Source: D:\a\PicoXLSX\PicoXLSX\PicoXLSX .NET Standard\bin\Debug\net45\PicoXLSX.xml

Copying XML comments files
    D:\a\PicoXLSX\PicoXLSX\PicoXLSX .NET Standard\bin\Debug\net45\PicoXLSX.xml -&gt; D:\a\PicoXLSX\PicoXLSX\docs\Working\PicoXLSX.xml
</buildStep>
<buildStep step="GenerateSharedContent">
Generating shared content files (en-US, English (United States))...
<plugIn name="Lightweight Website Style" behavior="After" priority="1000">
</plugIn>    Last step completed in 00:00:00.3441
</buildStep>
<buildStep step="GenerateApiFilter">
Generating API filter for MRefBuilder...
    Last step completed in 00:00:00.3438
</buildStep>
<buildStep step="GenerateReflectionInfo">
Generating reflection information...
[C:\Program Files\Microsoft Visual Studio\2022\Enterprise\MSBuild\Current\Bin\MSBuild.exe - GenerateRefInfo-9046248d-aef6-48b5-8c5c-17a5221d8046.proj]
Build started 10/25/2024 11:00:05 PM.

Project &quot;D:\a\PicoXLSX\PicoXLSX\docs\Working\GenerateRefInfo-9046248d-aef6-48b5-8c5c-17a5221d8046.proj&quot; on node 1 (default targets).
PrepareForBuild:
  Creating directory &quot;obj\Debug\&quot;.
GenerateRefInfo:
  Microsoft.Build (v17.11.9+a69bbaaf5f8d7249b8cab7309e81ad2221ce396c)
  c Microsoft Corporation. All rights reserved.
  No source code context base path specified.  Source context information is unavailable.
  Loaded 1 assemblies for reflection and 1 dependency assemblies.
  Wrote information on 1 namespaces, 49 types, and 756 members
  Merging duplicate type and member information
  Merged 0 duplicate type(s) and 0 duplicate member(s)
Done Building Project &quot;D:\a\PicoXLSX\PicoXLSX\docs\Working\GenerateRefInfo-9046248d-aef6-48b5-8c5c-17a5221d8046.proj&quot; (default targets).
    Last step completed in 00:00:12.8760
</buildStep>
<buildStep step="ApplyDocumentModel">
Applying document model to reflection output...
    Last step completed in 00:00:00.7344
</buildStep>
<buildStep step="AddNamespaceGroups">
Adding namespace group entries...
Added 0 namespace group entries
    Last step completed in 00:00:00.1568
</buildStep>
<buildStep step="AddApiTopicFilenames">
Adding topic filenames to API members...
    Last step completed in 00:00:00.0313
</buildStep>
<buildStep step="GenerateApiTopicManifest">
Generating API topic manifest...
    Last step completed in 00:00:00.0312
</buildStep>
<buildStep step="GenerateNamespaceSummaries">
Generating namespace summary information...
    Last step completed in 00:00:00.2969
</buildStep>
<buildStep step="CopyAdditionalContent">
Copying additional content files...
D:\a\PicoXLSX\PicoXLSX\Documentation\icons\PicoXLSX.png -&gt; D:\a\PicoXLSX\PicoXLSX\docs\Working\Output\HtmlHelp1\icons\PicoXLSX.png
D:\a\PicoXLSX\PicoXLSX\Documentation\icons\PicoXLSX.png -&gt; D:\a\PicoXLSX\PicoXLSX\docs\Working\Output\Website\icons\PicoXLSX.png
D:\a\PicoXLSX\PicoXLSX\Documentation\icons\favicon.ico -&gt; D:\a\PicoXLSX\PicoXLSX\docs\Working\Output\HtmlHelp1\icons\favicon.ico
D:\a\PicoXLSX\PicoXLSX\Documentation\icons\favicon.ico -&gt; D:\a\PicoXLSX\PicoXLSX\docs\Working\Output\Website\icons\favicon.ico
    Last step completed in 00:00:00.0156
</buildStep>
<buildStep step="MergeTablesOfContents">
Merging conceptual and additional tables of contents...
    Last step completed in 00:00:00.0000
</buildStep>
<buildStep step="GenerateIntermediateTableOfContents">
Generating intermediate table of contents file for API content...
Generating conceptual content intermediate TOC file...
    Last step completed in 00:00:00.2808
</buildStep>
<buildStep step="CreateBuildAssemblerConfigs">
Creating Sandcastle configuration files...
    Last step completed in 00:00:01.8262
</buildStep>
<buildStep step="CombiningIntermediateTocFiles">
Combining conceptual and API intermediate TOC files...
    Last step completed in 00:00:00.0156
</buildStep>
<buildStep step="MergeCustomConfigs">
Merging custom build component configurations
D:\a\PicoXLSX\PicoXLSX\docs\Working\BuildAssembler.config
  Updating reference topic configurations.
  No conceptual content.  Removing conceptual content components.
    Last step completed in 00:00:00.0156
</buildStep>
<buildStep step="BuildTopics">
Building help topics...
Loading configuration...
ResolveReferenceLinksComponent: The member ID URL cache &#39;C:\Users\runneradmin\AppData\Local\EWSoftware\Sandcastle Help File Builder\Cache\MemberIdUrl.cache&#39; does not exist yet.  All IDs will be looked up in this build which will slow it down.
Processing topics...
SHFB: Warning BE0066: ResolveReferenceLinksComponent: [T:PicoXLSX.AbstractStyle] Member ID URL resolver service failed.  No further look ups will be performed for this build.
Reason: The underlying connection was closed: Could not establish trust relationship for the SSL/TLS secure channel.
The remote certificate is invalid according to the validation procedure.
SHFB: Warning BE0066: ResolveReferenceLinksComponent: [T:PicoXLSX.AbstractStyle] Member ID URL not found for target &#39;T:System.Object&#39;.
SHFB: Warning BE0066: ResolveReferenceLinksComponent: [T:PicoXLSX.AbstractStyle] Member ID URL resolver service failed.  No further look ups will be performed for this build.
Reason: The underlying connection was closed: Could not establish trust relationship for the SSL/TLS secure channel.
The remote certificate is invalid according to the validation procedure.
SHFB: Warning BE0066: ShowMissingComponent: [M:PicoXLSX.Cell.Address.op_Equality(PicoXLSX.Cell.Address,PicoXLSX.Cell.Address)] Missing &lt;summary&gt; documentation
SHFB: Warning BE0066: ShowMissingComponent: [M:PicoXLSX.Cell.Address.op_Equality(PicoXLSX.Cell.Address,PicoXLSX.Cell.Address)] Missing &lt;returns&gt; documentation
SHFB: Warning BE0066: ShowMissingComponent: [M:PicoXLSX.Cell.Address.op_Equality(PicoXLSX.Cell.Address,PicoXLSX.Cell.Address)] Missing &lt;param name=&quot;address1&quot;/&gt; documentation
SHFB: Warning BE0066: ShowMissingComponent: [M:PicoXLSX.Cell.Address.op_Equality(PicoXLSX.Cell.Address,PicoXLSX.Cell.Address)] Missing &lt;param name=&quot;address2&quot;/&gt; documentation
SHFB: Warning BE0066: ShowMissingComponent: [M:PicoXLSX.Cell.Address.op_Inequality(PicoXLSX.Cell.Address,PicoXLSX.Cell.Address)] Missing &lt;summary&gt; documentation
SHFB: Warning BE0066: ShowMissingComponent: [M:PicoXLSX.Cell.Address.op_Inequality(PicoXLSX.Cell.Address,PicoXLSX.Cell.Address)] Missing &lt;returns&gt; documentation
SHFB: Warning BE0066: ShowMissingComponent: [M:PicoXLSX.Cell.Address.op_Inequality(PicoXLSX.Cell.Address,PicoXLSX.Cell.Address)] Missing &lt;param name=&quot;address1&quot;/&gt; documentation
SHFB: Warning BE0066: ShowMissingComponent: [M:PicoXLSX.Cell.Address.op_Inequality(PicoXLSX.Cell.Address,PicoXLSX.Cell.Address)] Missing &lt;param name=&quot;address2&quot;/&gt; documentation
SHFB: Warning BE0066: ShowMissingComponent: [F:PicoXLSX.Cell.AddressScope.value__] Missing &lt;summary&gt; documentation
SHFB: Warning BE0066: ShowMissingComponent: [F:PicoXLSX.Cell.AddressType.value__] Missing &lt;summary&gt; documentation
SHFB: Warning BE0066: ShowMissingComponent: [F:PicoXLSX.Cell.CellType.value__] Missing &lt;summary&gt; documentation
SHFB: Warning BE0066: ShowMissingComponent: [M:PicoXLSX.Cell.Range.op_Equality(PicoXLSX.Cell.Range,PicoXLSX.Cell.Range)] Missing &lt;summary&gt; documentation
SHFB: Warning BE0066: ShowMissingComponent: [M:PicoXLSX.Cell.Range.op_Equality(PicoXLSX.Cell.Range,PicoXLSX.Cell.Range)] Missing &lt;returns&gt; documentation
SHFB: Warning BE0066: ShowMissingComponent: [M:PicoXLSX.Cell.Range.op_Equality(PicoXLSX.Cell.Range,PicoXLSX.Cell.Range)] Missing &lt;param name=&quot;range1&quot;/&gt; documentation
SHFB: Warning BE0066: ShowMissingComponent: [M:PicoXLSX.Cell.Range.op_Equality(PicoXLSX.Cell.Range,PicoXLSX.Cell.Range)] Missing &lt;param name=&quot;range2&quot;/&gt; documentation
SHFB: Warning BE0066: ShowMissingComponent: [M:PicoXLSX.Cell.Range.op_Inequality(PicoXLSX.Cell.Range,PicoXLSX.Cell.Range)] Missing &lt;summary&gt; documentation
SHFB: Warning BE0066: ShowMissingComponent: [M:PicoXLSX.Cell.Range.op_Inequality(PicoXLSX.Cell.Range,PicoXLSX.Cell.Range)] Missing &lt;returns&gt; documentation
SHFB: Warning BE0066: ShowMissingComponent: [M:PicoXLSX.Cell.Range.op_Inequality(PicoXLSX.Cell.Range,PicoXLSX.Cell.Range)] Missing &lt;param name=&quot;range1&quot;/&gt; documentation
SHFB: Warning BE0066: ShowMissingComponent: [M:PicoXLSX.Cell.Range.op_Inequality(PicoXLSX.Cell.Range,PicoXLSX.Cell.Range)] Missing &lt;param name=&quot;range2&quot;/&gt; documentation
SHFB: Warning BE0066: ShowMissingComponent: [F:PicoXLSX.Style.BasicStyles.StyleEnum.value__] Missing &lt;summary&gt; documentation
SHFB: Warning BE0066: ShowMissingComponent: [F:PicoXLSX.Style.Border.StyleValue.value__] Missing &lt;summary&gt; documentation
SHFB: Warning BE0066: ShowMissingComponent: [F:PicoXLSX.Style.CellXf.HorizontalAlignValue.value__] Missing &lt;summary&gt; documentation
SHFB: Warning BE0066: ShowMissingComponent: [F:PicoXLSX.Style.CellXf.TextBreakValue.value__] Missing &lt;summary&gt; documentation
SHFB: Warning BE0066: ShowMissingComponent: [F:PicoXLSX.Style.CellXf.TextDirectionValue.value__] Missing &lt;summary&gt; documentation
SHFB: Warning BE0066: ShowMissingComponent: [F:PicoXLSX.Style.CellXf.VerticalAlignValue.value__] Missing &lt;summary&gt; documentation
SHFB: Warning BE0066: ShowMissingComponent: [F:PicoXLSX.Style.Fill.FillType.value__] Missing &lt;summary&gt; documentation
SHFB: Warning BE0066: ShowMissingComponent: [F:PicoXLSX.Style.Fill.PatternValue.value__] Missing &lt;summary&gt; documentation
SHFB: Warning BE0066: ShowMissingComponent: [F:PicoXLSX.Style.Font.SchemeValue.value__] Missing &lt;summary&gt; documentation
SHFB: Warning BE0066: ShowMissingComponent: [F:PicoXLSX.Style.Font.UnderlineValue.value__] Missing &lt;summary&gt; documentation
SHFB: Warning BE0066: ShowMissingComponent: [F:PicoXLSX.Style.Font.VerticalAlignValue.value__] Missing &lt;summary&gt; documentation
SHFB: Warning BE0066: ShowMissingComponent: [F:PicoXLSX.Style.NumberFormat.FormatNumber.value__] Missing &lt;summary&gt; documentation
SHFB: Warning BE0066: ShowMissingComponent: [F:PicoXLSX.Style.NumberFormat.FormatRange.value__] Missing &lt;summary&gt; documentation
SHFB: Warning BE0066: ShowMissingComponent: [F:PicoXLSX.Worksheet.CellDirection.value__] Missing &lt;summary&gt; documentation
SHFB: Warning BE0066: ShowMissingComponent: [F:PicoXLSX.Worksheet.SheetProtectionValue.value__] Missing &lt;summary&gt; documentation
SHFB: Warning BE0066: ShowMissingComponent: [F:PicoXLSX.Worksheet.SheetViewType.value__] Missing &lt;summary&gt; documentation
SHFB: Warning BE0066: ShowMissingComponent: [F:PicoXLSX.Worksheet.WorksheetPane.value__] Missing &lt;summary&gt; documentation
Processed 981 topic(s)
39 warning(s)
CopyFromIndexComponent: &quot;reflection&quot; in-memory cache entries used: 8 of 15.
CopyFromIndexComponent: &quot;comments&quot; in-memory cache entries used: 2 of 30.
    Last step completed in 00:02:07.7263
</buildStep>
<buildStep step="ExtractingHtmlInfo">
Extracting HTML info for HTML Help 1 and/or website...
Using LCID &#39;1033&#39;, code page &#39;65001&#39;, encoding charset &#39;UTF-8&#39;.
Processing Help 1 files in D:\a\PicoXLSX\PicoXLSX\docs\Working\Output\HtmlHelp1
Processed 981 HTML files.  Sorting keywords and generating See Also indices.
Saving HTML Help 1 keyword index to D:\a\PicoXLSX\PicoXLSX\docs\Working\Output\HtmlHelp1\Documentation.hhk
Saving HTML Help 1 table of contents to D:\a\PicoXLSX\PicoXLSX\docs\Working\Output\HtmlHelp1\Documentation.hhc
Processing website files in D:\a\PicoXLSX\PicoXLSX\docs\Working\Output\Website
Processed 981 HTML files.  Sorting keywords and generating See Also indices.
Saving website table of contents to D:\a\PicoXLSX\PicoXLSX\docs\Working\\WebTOC.xml
    Last step completed in 00:00:00.4066
</buildStep>
<buildStep step="CopyStandardHelpContent">
Copying standard help content...
C:\Program Files (x86)\EWSoftware\Sandcastle Help File Builder\Components\VS2013\icons\AlertCaution.png -&gt; D:\a\PicoXLSX\PicoXLSX\docs\Working\Output\HtmlHelp1\icons\AlertCaution.png
C:\Program Files (x86)\EWSoftware\Sandcastle Help File Builder\Components\VS2013\icons\AlertNote.png -&gt; D:\a\PicoXLSX\PicoXLSX\docs\Working\Output\HtmlHelp1\icons\AlertNote.png
C:\Program Files (x86)\EWSoftware\Sandcastle Help File Builder\Components\VS2013\icons\AlertSecurity.png -&gt; D:\a\PicoXLSX\PicoXLSX\docs\Working\Output\HtmlHelp1\icons\AlertSecurity.png
C:\Program Files (x86)\EWSoftware\Sandcastle Help File Builder\Components\VS2013\icons\CodeExample.png -&gt; D:\a\PicoXLSX\PicoXLSX\docs\Working\Output\HtmlHelp1\icons\CodeExample.png
C:\Program Files (x86)\EWSoftware\Sandcastle Help File Builder\Components\VS2013\icons\privClass.gif -&gt; D:\a\PicoXLSX\PicoXLSX\docs\Working\Output\HtmlHelp1\icons\privClass.gif
C:\Program Files (x86)\EWSoftware\Sandcastle Help File Builder\Components\VS2013\icons\privDelegate.gif -&gt; D:\a\PicoXLSX\PicoXLSX\docs\Working\Output\HtmlHelp1\icons\privDelegate.gif
C:\Program Files (x86)\EWSoftware\Sandcastle Help File Builder\Components\VS2013\icons\privEnumeration.gif -&gt; D:\a\PicoXLSX\PicoXLSX\docs\Working\Output\HtmlHelp1\icons\privEnumeration.gif
C:\Program Files (x86)\EWSoftware\Sandcastle Help File Builder\Components\VS2013\icons\privEvent.gif -&gt; D:\a\PicoXLSX\PicoXLSX\docs\Working\Output\HtmlHelp1\icons\privEvent.gif
C:\Program Files (x86)\EWSoftware\Sandcastle Help File Builder\Components\VS2013\icons\privExtension.gif -&gt; D:\a\PicoXLSX\PicoXLSX\docs\Working\Output\HtmlHelp1\icons\privExtension.gif
C:\Program Files (x86)\EWSoftware\Sandcastle Help File Builder\Components\VS2013\icons\privField.gif -&gt; D:\a\PicoXLSX\PicoXLSX\docs\Working\Output\HtmlHelp1\icons\privField.gif
C:\Program Files (x86)\EWSoftware\Sandcastle Help File Builder\Components\VS2013\icons\privInterface.gif -&gt; D:\a\PicoXLSX\PicoXLSX\docs\Working\Output\HtmlHelp1\icons\privInterface.gif
C:\Program Files (x86)\EWSoftware\Sandcastle Help File Builder\Components\VS2013\icons\privMethod.gif -&gt; D:\a\PicoXLSX\PicoXLSX\docs\Working\Output\HtmlHelp1\icons\privMethod.gif
C:\Program Files (x86)\EWSoftware\Sandcastle Help File Builder\Components\VS2013\icons\privProperty.gif -&gt; D:\a\PicoXLSX\PicoXLSX\docs\Working\Output\HtmlHelp1\icons\privProperty.gif
C:\Program Files (x86)\EWSoftware\Sandcastle Help File Builder\Components\VS2013\icons\privStructure.gif -&gt; D:\a\PicoXLSX\PicoXLSX\docs\Working\Output\HtmlHelp1\icons\privStructure.gif
C:\Program Files (x86)\EWSoftware\Sandcastle Help File Builder\Components\VS2013\icons\protClass.gif -&gt; D:\a\PicoXLSX\PicoXLSX\docs\Working\Output\HtmlHelp1\icons\protClass.gif
C:\Program Files (x86)\EWSoftware\Sandcastle Help File Builder\Components\VS2013\icons\protDelegate.gif -&gt; D:\a\PicoXLSX\PicoXLSX\docs\Working\Output\HtmlHelp1\icons\protDelegate.gif
C:\Program Files (x86)\EWSoftware\Sandcastle Help File Builder\Components\VS2013\icons\protEnumeration.gif -&gt; D:\a\PicoXLSX\PicoXLSX\docs\Working\Output\HtmlHelp1\icons\protEnumeration.gif
C:\Program Files (x86)\EWSoftware\Sandcastle Help File Builder\Components\VS2013\icons\protEvent.gif -&gt; D:\a\PicoXLSX\PicoXLSX\docs\Working\Output\HtmlHelp1\icons\protEvent.gif
C:\Program Files (x86)\EWSoftware\Sandcastle Help File Builder\Components\VS2013\icons\protExtension.gif -&gt; D:\a\PicoXLSX\PicoXLSX\docs\Working\Output\HtmlHelp1\icons\protExtension.gif
C:\Program Files (x86)\EWSoftware\Sandcastle Help File Builder\Components\VS2013\icons\protField.gif -&gt; D:\a\PicoXLSX\PicoXLSX\docs\Working\Output\HtmlHelp1\icons\protField.gif
C:\Program Files (x86)\EWSoftware\Sandcastle Help File Builder\Components\VS2013\icons\protInterface.gif -&gt; D:\a\PicoXLSX\PicoXLSX\docs\Working\Output\HtmlHelp1\icons\protInterface.gif
C:\Program Files (x86)\EWSoftware\Sandcastle Help File Builder\Components\VS2013\icons\protMethod.gif -&gt; D:\a\PicoXLSX\PicoXLSX\docs\Working\Output\HtmlHelp1\icons\protMethod.gif
C:\Program Files (x86)\EWSoftware\Sandcastle Help File Builder\Components\VS2013\icons\protOperator.gif -&gt; D:\a\PicoXLSX\PicoXLSX\docs\Working\Output\HtmlHelp1\icons\protOperator.gif
C:\Program Files (x86)\EWSoftware\Sandcastle Help File Builder\Components\VS2013\icons\protProperty.gif -&gt; D:\a\PicoXLSX\PicoXLSX\docs\Working\Output\HtmlHelp1\icons\protProperty.gif
C:\Program Files (x86)\EWSoftware\Sandcastle Help File Builder\Components\VS2013\icons\protStructure.gif -&gt; D:\a\PicoXLSX\PicoXLSX\docs\Working\Output\HtmlHelp1\icons\protStructure.gif
C:\Program Files (x86)\EWSoftware\Sandcastle Help File Builder\Components\VS2013\icons\pubClass.gif -&gt; D:\a\PicoXLSX\PicoXLSX\docs\Working\Output\HtmlHelp1\icons\pubClass.gif
C:\Program Files (x86)\EWSoftware\Sandcastle Help File Builder\Components\VS2013\icons\pubDelegate.gif -&gt; D:\a\PicoXLSX\PicoXLSX\docs\Working\Output\HtmlHelp1\icons\pubDelegate.gif
C:\Program Files (x86)\EWSoftware\Sandcastle Help File Builder\Components\VS2013\icons\pubEnumeration.gif -&gt; D:\a\PicoXLSX\PicoXLSX\docs\Working\Output\HtmlHelp1\icons\pubEnumeration.gif
C:\Program Files (x86)\EWSoftware\Sandcastle Help File Builder\Components\VS2013\icons\pubEvent.gif -&gt; D:\a\PicoXLSX\PicoXLSX\docs\Working\Output\HtmlHelp1\icons\pubEvent.gif
C:\Program Files (x86)\EWSoftware\Sandcastle Help File Builder\Components\VS2013\icons\pubExtension.gif -&gt; D:\a\PicoXLSX\PicoXLSX\docs\Working\Output\HtmlHelp1\icons\pubExtension.gif
C:\Program Files (x86)\EWSoftware\Sandcastle Help File Builder\Components\VS2013\icons\pubField.gif -&gt; D:\a\PicoXLSX\PicoXLSX\docs\Working\Output\HtmlHelp1\icons\pubField.gif
C:\Program Files (x86)\EWSoftware\Sandcastle Help File Builder\Components\VS2013\icons\pubInterface.gif -&gt; D:\a\PicoXLSX\PicoXLSX\docs\Working\Output\HtmlHelp1\icons\pubInterface.gif
C:\Program Files (x86)\EWSoftware\Sandcastle Help File Builder\Components\VS2013\icons\pubMethod.gif -&gt; D:\a\PicoXLSX\PicoXLSX\docs\Working\Output\HtmlHelp1\icons\pubMethod.gif
C:\Program Files (x86)\EWSoftware\Sandcastle Help File Builder\Components\VS2013\icons\pubOperator.gif -&gt; D:\a\PicoXLSX\PicoXLSX\docs\Working\Output\HtmlHelp1\icons\pubOperator.gif
C:\Program Files (x86)\EWSoftware\Sandcastle Help File Builder\Components\VS2013\icons\pubProperty.gif -&gt; D:\a\PicoXLSX\PicoXLSX\docs\Working\Output\HtmlHelp1\icons\pubProperty.gif
C:\Program Files (x86)\EWSoftware\Sandcastle Help File Builder\Components\VS2013\icons\pubStructure.gif -&gt; D:\a\PicoXLSX\PicoXLSX\docs\Working\Output\HtmlHelp1\icons\pubStructure.gif
C:\Program Files (x86)\EWSoftware\Sandcastle Help File Builder\Components\VS2013\icons\SectionCollapsed.png -&gt; D:\a\PicoXLSX\PicoXLSX\docs\Working\Output\HtmlHelp1\icons\SectionCollapsed.png
C:\Program Files (x86)\EWSoftware\Sandcastle Help File Builder\Components\VS2013\icons\SectionExpanded.png -&gt; D:\a\PicoXLSX\PicoXLSX\docs\Working\Output\HtmlHelp1\icons\SectionExpanded.png
C:\Program Files (x86)\EWSoftware\Sandcastle Help File Builder\Components\VS2013\icons\Static.gif -&gt; D:\a\PicoXLSX\PicoXLSX\docs\Working\Output\HtmlHelp1\icons\Static.gif
C:\Program Files (x86)\EWSoftware\Sandcastle Help File Builder\Components\VS2013\scripts\branding.js -&gt; D:\a\PicoXLSX\PicoXLSX\docs\Working\Output\HtmlHelp1\scripts\branding.js
C:\Program Files (x86)\EWSoftware\Sandcastle Help File Builder\Components\VS2013\styles\branding-cs-CZ.css -&gt; D:\a\PicoXLSX\PicoXLSX\docs\Working\Output\HtmlHelp1\styles\branding-cs-CZ.css
C:\Program Files (x86)\EWSoftware\Sandcastle Help File Builder\Components\VS2013\styles\branding-de-DE.css -&gt; D:\a\PicoXLSX\PicoXLSX\docs\Working\Output\HtmlHelp1\styles\branding-de-DE.css
C:\Program Files (x86)\EWSoftware\Sandcastle Help File Builder\Components\VS2013\styles\branding-en-US.css -&gt; D:\a\PicoXLSX\PicoXLSX\docs\Working\Output\HtmlHelp1\styles\branding-en-US.css
C:\Program Files (x86)\EWSoftware\Sandcastle Help File Builder\Components\VS2013\styles\branding-es-ES.css -&gt; D:\a\PicoXLSX\PicoXLSX\docs\Working\Output\HtmlHelp1\styles\branding-es-ES.css
C:\Program Files (x86)\EWSoftware\Sandcastle Help File Builder\Components\VS2013\styles\branding-fr-FR.css -&gt; D:\a\PicoXLSX\PicoXLSX\docs\Working\Output\HtmlHelp1\styles\branding-fr-FR.css
C:\Program Files (x86)\EWSoftware\Sandcastle Help File Builder\Components\VS2013\styles\branding-Help1.css -&gt; D:\a\PicoXLSX\PicoXLSX\docs\Working\Output\HtmlHelp1\styles\branding-Help1.css
C:\Program Files (x86)\EWSoftware\Sandcastle Help File Builder\Components\VS2013\styles\branding-HelpViewer.css -&gt; D:\a\PicoXLSX\PicoXLSX\docs\Working\Output\HtmlHelp1\styles\branding-HelpViewer.css
C:\Program Files (x86)\EWSoftware\Sandcastle Help File Builder\Components\VS2013\styles\branding-it-IT.css -&gt; D:\a\PicoXLSX\PicoXLSX\docs\Working\Output\HtmlHelp1\styles\branding-it-IT.css
C:\Program Files (x86)\EWSoftware\Sandcastle Help File Builder\Components\VS2013\styles\branding-ja-JP.css -&gt; D:\a\PicoXLSX\PicoXLSX\docs\Working\Output\HtmlHelp1\styles\branding-ja-JP.css
C:\Program Files (x86)\EWSoftware\Sandcastle Help File Builder\Components\VS2013\styles\branding-ko-KR.css -&gt; D:\a\PicoXLSX\PicoXLSX\docs\Working\Output\HtmlHelp1\styles\branding-ko-KR.css
C:\Program Files (x86)\EWSoftware\Sandcastle Help File Builder\Components\VS2013\styles\branding-pl-PL.css -&gt; D:\a\PicoXLSX\PicoXLSX\docs\Working\Output\HtmlHelp1\styles\branding-pl-PL.css
C:\Program Files (x86)\EWSoftware\Sandcastle Help File Builder\Components\VS2013\styles\branding-pt-BR.css -&gt; D:\a\PicoXLSX\PicoXLSX\docs\Working\Output\HtmlHelp1\styles\branding-pt-BR.css
C:\Program Files (x86)\EWSoftware\Sandcastle Help File Builder\Components\VS2013\styles\branding-ru-RU.css -&gt; D:\a\PicoXLSX\PicoXLSX\docs\Working\Output\HtmlHelp1\styles\branding-ru-RU.css
C:\Program Files (x86)\EWSoftware\Sandcastle Help File Builder\Components\VS2013\styles\branding-tr-TR.css -&gt; D:\a\PicoXLSX\PicoXLSX\docs\Working\Output\HtmlHelp1\styles\branding-tr-TR.css
C:\Program Files (x86)\EWSoftware\Sandcastle Help File Builder\Components\VS2013\styles\branding-Website.css -&gt; D:\a\PicoXLSX\PicoXLSX\docs\Working\Output\HtmlHelp1\styles\branding-Website.css
C:\Program Files (x86)\EWSoftware\Sandcastle Help File Builder\Components\VS2013\styles\branding-zh-CN.css -&gt; D:\a\PicoXLSX\PicoXLSX\docs\Working\Output\HtmlHelp1\styles\branding-zh-CN.css
C:\Program Files (x86)\EWSoftware\Sandcastle Help File Builder\Components\VS2013\styles\branding-zh-TW.css -&gt; D:\a\PicoXLSX\PicoXLSX\docs\Working\Output\HtmlHelp1\styles\branding-zh-TW.css
C:\Program Files (x86)\EWSoftware\Sandcastle Help File Builder\Components\VS2013\styles\branding.css -&gt; D:\a\PicoXLSX\PicoXLSX\docs\Working\Output\HtmlHelp1\styles\branding.css
C:\Program Files (x86)\EWSoftware\Sandcastle Help File Builder\Components\VS2013\icons\AlertCaution.png -&gt; D:\a\PicoXLSX\PicoXLSX\docs\Working\Output\Website\icons\AlertCaution.png
C:\Program Files (x86)\EWSoftware\Sandcastle Help File Builder\Components\VS2013\icons\AlertNote.png -&gt; D:\a\PicoXLSX\PicoXLSX\docs\Working\Output\Website\icons\AlertNote.png
C:\Program Files (x86)\EWSoftware\Sandcastle Help File Builder\Components\VS2013\icons\AlertSecurity.png -&gt; D:\a\PicoXLSX\PicoXLSX\docs\Working\Output\Website\icons\AlertSecurity.png
C:\Program Files (x86)\EWSoftware\Sandcastle Help File Builder\Components\VS2013\icons\CodeExample.png -&gt; D:\a\PicoXLSX\PicoXLSX\docs\Working\Output\Website\icons\CodeExample.png
C:\Program Files (x86)\EWSoftware\Sandcastle Help File Builder\Components\VS2013\icons\privClass.gif -&gt; D:\a\PicoXLSX\PicoXLSX\docs\Working\Output\Website\icons\privClass.gif
C:\Program Files (x86)\EWSoftware\Sandcastle Help File Builder\Components\VS2013\icons\privDelegate.gif -&gt; D:\a\PicoXLSX\PicoXLSX\docs\Working\Output\Website\icons\privDelegate.gif
C:\Program Files (x86)\EWSoftware\Sandcastle Help File Builder\Components\VS2013\icons\privEnumeration.gif -&gt; D:\a\PicoXLSX\PicoXLSX\docs\Working\Output\Website\icons\privEnumeration.gif
C:\Program Files (x86)\EWSoftware\Sandcastle Help File Builder\Components\VS2013\icons\privEvent.gif -&gt; D:\a\PicoXLSX\PicoXLSX\docs\Working\Output\Website\icons\privEvent.gif
C:\Program Files (x86)\EWSoftware\Sandcastle Help File Builder\Components\VS2013\icons\privExtension.gif -&gt; D:\a\PicoXLSX\PicoXLSX\docs\Working\Output\Website\icons\privExtension.gif
C:\Program Files (x86)\EWSoftware\Sandcastle Help File Builder\Components\VS2013\icons\privField.gif -&gt; D:\a\PicoXLSX\PicoXLSX\docs\Working\Output\Website\icons\privField.gif
C:\Program Files (x86)\EWSoftware\Sandcastle Help File Builder\Components\VS2013\icons\privInterface.gif -&gt; D:\a\PicoXLSX\PicoXLSX\docs\Working\Output\Website\icons\privInterface.gif
C:\Program Files (x86)\EWSoftware\Sandcastle Help File Builder\Components\VS2013\icons\privMethod.gif -&gt; D:\a\PicoXLSX\PicoXLSX\docs\Working\Output\Website\icons\privMethod.gif
C:\Program Files (x86)\EWSoftware\Sandcastle Help File Builder\Components\VS2013\icons\privProperty.gif -&gt; D:\a\PicoXLSX\PicoXLSX\docs\Working\Output\Website\icons\privProperty.gif
C:\Program Files (x86)\EWSoftware\Sandcastle Help File Builder\Components\VS2013\icons\privStructure.gif -&gt; D:\a\PicoXLSX\PicoXLSX\docs\Working\Output\Website\icons\privStructure.gif
C:\Program Files (x86)\EWSoftware\Sandcastle Help File Builder\Components\VS2013\icons\protClass.gif -&gt; D:\a\PicoXLSX\PicoXLSX\docs\Working\Output\Website\icons\protClass.gif
C:\Program Files (x86)\EWSoftware\Sandcastle Help File Builder\Components\VS2013\icons\protDelegate.gif -&gt; D:\a\PicoXLSX\PicoXLSX\docs\Working\Output\Website\icons\protDelegate.gif
C:\Program Files (x86)\EWSoftware\Sandcastle Help File Builder\Components\VS2013\icons\protEnumeration.gif -&gt; D:\a\PicoXLSX\PicoXLSX\docs\Working\Output\Website\icons\protEnumeration.gif
C:\Program Files (x86)\EWSoftware\Sandcastle Help File Builder\Components\VS2013\icons\protEvent.gif -&gt; D:\a\PicoXLSX\PicoXLSX\docs\Working\Output\Website\icons\protEvent.gif
C:\Program Files (x86)\EWSoftware\Sandcastle Help File Builder\Components\VS2013\icons\protExtension.gif -&gt; D:\a\PicoXLSX\PicoXLSX\docs\Working\Output\Website\icons\protExtension.gif
C:\Program Files (x86)\EWSoftware\Sandcastle Help File Builder\Components\VS2013\icons\protField.gif -&gt; D:\a\PicoXLSX\PicoXLSX\docs\Working\Output\Website\icons\protField.gif
C:\Program Files (x86)\EWSoftware\Sandcastle Help File Builder\Components\VS2013\icons\protInterface.gif -&gt; D:\a\PicoXLSX\PicoXLSX\docs\Working\Output\Website\icons\protInterface.gif
C:\Program Files (x86)\EWSoftware\Sandcastle Help File Builder\Components\VS2013\icons\protMethod.gif -&gt; D:\a\PicoXLSX\PicoXLSX\docs\Working\Output\Website\icons\protMethod.gif
C:\Program Files (x86)\EWSoftware\Sandcastle Help File Builder\Components\VS2013\icons\protOperator.gif -&gt; D:\a\PicoXLSX\PicoXLSX\docs\Working\Output\Website\icons\protOperator.gif
C:\Program Files (x86)\EWSoftware\Sandcastle Help File Builder\Components\VS2013\icons\protProperty.gif -&gt; D:\a\PicoXLSX\PicoXLSX\docs\Working\Output\Website\icons\protProperty.gif
C:\Program Files (x86)\EWSoftware\Sandcastle Help File Builder\Components\VS2013\icons\protStructure.gif -&gt; D:\a\PicoXLSX\PicoXLSX\docs\Working\Output\Website\icons\protStructure.gif
C:\Program Files (x86)\EWSoftware\Sandcastle Help File Builder\Components\VS2013\icons\pubClass.gif -&gt; D:\a\PicoXLSX\PicoXLSX\docs\Working\Output\Website\icons\pubClass.gif
C:\Program Files (x86)\EWSoftware\Sandcastle Help File Builder\Components\VS2013\icons\pubDelegate.gif -&gt; D:\a\PicoXLSX\PicoXLSX\docs\Working\Output\Website\icons\pubDelegate.gif
C:\Program Files (x86)\EWSoftware\Sandcastle Help File Builder\Components\VS2013\icons\pubEnumeration.gif -&gt; D:\a\PicoXLSX\PicoXLSX\docs\Working\Output\Website\icons\pubEnumeration.gif
C:\Program Files (x86)\EWSoftware\Sandcastle Help File Builder\Components\VS2013\icons\pubEvent.gif -&gt; D:\a\PicoXLSX\PicoXLSX\docs\Working\Output\Website\icons\pubEvent.gif
C:\Program Files (x86)\EWSoftware\Sandcastle Help File Builder\Components\VS2013\icons\pubExtension.gif -&gt; D:\a\PicoXLSX\PicoXLSX\docs\Working\Output\Website\icons\pubExtension.gif
C:\Program Files (x86)\EWSoftware\Sandcastle Help File Builder\Components\VS2013\icons\pubField.gif -&gt; D:\a\PicoXLSX\PicoXLSX\docs\Working\Output\Website\icons\pubField.gif
C:\Program Files (x86)\EWSoftware\Sandcastle Help File Builder\Components\VS2013\icons\pubInterface.gif -&gt; D:\a\PicoXLSX\PicoXLSX\docs\Working\Output\Website\icons\pubInterface.gif
C:\Program Files (x86)\EWSoftware\Sandcastle Help File Builder\Components\VS2013\icons\pubMethod.gif -&gt; D:\a\PicoXLSX\PicoXLSX\docs\Working\Output\Website\icons\pubMethod.gif
C:\Program Files (x86)\EWSoftware\Sandcastle Help File Builder\Components\VS2013\icons\pubOperator.gif -&gt; D:\a\PicoXLSX\PicoXLSX\docs\Working\Output\Website\icons\pubOperator.gif
C:\Program Files (x86)\EWSoftware\Sandcastle Help File Builder\Components\VS2013\icons\pubProperty.gif -&gt; D:\a\PicoXLSX\PicoXLSX\docs\Working\Output\Website\icons\pubProperty.gif
C:\Program Files (x86)\EWSoftware\Sandcastle Help File Builder\Components\VS2013\icons\pubStructure.gif -&gt; D:\a\PicoXLSX\PicoXLSX\docs\Working\Output\Website\icons\pubStructure.gif
C:\Program Files (x86)\EWSoftware\Sandcastle Help File Builder\Components\VS2013\icons\SectionCollapsed.png -&gt; D:\a\PicoXLSX\PicoXLSX\docs\Working\Output\Website\icons\SectionCollapsed.png
C:\Program Files (x86)\EWSoftware\Sandcastle Help File Builder\Components\VS2013\icons\SectionExpanded.png -&gt; D:\a\PicoXLSX\PicoXLSX\docs\Working\Output\Website\icons\SectionExpanded.png
C:\Program Files (x86)\EWSoftware\Sandcastle Help File Builder\Components\VS2013\icons\Static.gif -&gt; D:\a\PicoXLSX\PicoXLSX\docs\Working\Output\Website\icons\Static.gif
C:\Program Files (x86)\EWSoftware\Sandcastle Help File Builder\Components\VS2013\scripts\branding.js -&gt; D:\a\PicoXLSX\PicoXLSX\docs\Working\Output\Website\scripts\branding.js
C:\Program Files (x86)\EWSoftware\Sandcastle Help File Builder\Components\VS2013\styles\branding-cs-CZ.css -&gt; D:\a\PicoXLSX\PicoXLSX\docs\Working\Output\Website\styles\branding-cs-CZ.css
C:\Program Files (x86)\EWSoftware\Sandcastle Help File Builder\Components\VS2013\styles\branding-de-DE.css -&gt; D:\a\PicoXLSX\PicoXLSX\docs\Working\Output\Website\styles\branding-de-DE.css
C:\Program Files (x86)\EWSoftware\Sandcastle Help File Builder\Components\VS2013\styles\branding-en-US.css -&gt; D:\a\PicoXLSX\PicoXLSX\docs\Working\Output\Website\styles\branding-en-US.css
C:\Program Files (x86)\EWSoftware\Sandcastle Help File Builder\Components\VS2013\styles\branding-es-ES.css -&gt; D:\a\PicoXLSX\PicoXLSX\docs\Working\Output\Website\styles\branding-es-ES.css
C:\Program Files (x86)\EWSoftware\Sandcastle Help File Builder\Components\VS2013\styles\branding-fr-FR.css -&gt; D:\a\PicoXLSX\PicoXLSX\docs\Working\Output\Website\styles\branding-fr-FR.css
C:\Program Files (x86)\EWSoftware\Sandcastle Help File Builder\Components\VS2013\styles\branding-Help1.css -&gt; D:\a\PicoXLSX\PicoXLSX\docs\Working\Output\Website\styles\branding-Help1.css
C:\Program Files (x86)\EWSoftware\Sandcastle Help File Builder\Components\VS2013\styles\branding-HelpViewer.css -&gt; D:\a\PicoXLSX\PicoXLSX\docs\Working\Output\Website\styles\branding-HelpViewer.css
C:\Program Files (x86)\EWSoftware\Sandcastle Help File Builder\Components\VS2013\styles\branding-it-IT.css -&gt; D:\a\PicoXLSX\PicoXLSX\docs\Working\Output\Website\styles\branding-it-IT.css
C:\Program Files (x86)\EWSoftware\Sandcastle Help File Builder\Components\VS2013\styles\branding-ja-JP.css -&gt; D:\a\PicoXLSX\PicoXLSX\docs\Working\Output\Website\styles\branding-ja-JP.css
C:\Program Files (x86)\EWSoftware\Sandcastle Help File Builder\Components\VS2013\styles\branding-ko-KR.css -&gt; D:\a\PicoXLSX\PicoXLSX\docs\Working\Output\Website\styles\branding-ko-KR.css
C:\Program Files (x86)\EWSoftware\Sandcastle Help File Builder\Components\VS2013\styles\branding-pl-PL.css -&gt; D:\a\PicoXLSX\PicoXLSX\docs\Working\Output\Website\styles\branding-pl-PL.css
C:\Program Files (x86)\EWSoftware\Sandcastle Help File Builder\Components\VS2013\styles\branding-pt-BR.css -&gt; D:\a\PicoXLSX\PicoXLSX\docs\Working\Output\Website\styles\branding-pt-BR.css
C:\Program Files (x86)\EWSoftware\Sandcastle Help File Builder\Components\VS2013\styles\branding-ru-RU.css -&gt; D:\a\PicoXLSX\PicoXLSX\docs\Working\Output\Website\styles\branding-ru-RU.css
C:\Program Files (x86)\EWSoftware\Sandcastle Help File Builder\Components\VS2013\styles\branding-tr-TR.css -&gt; D:\a\PicoXLSX\PicoXLSX\docs\Working\Output\Website\styles\branding-tr-TR.css
C:\Program Files (x86)\EWSoftware\Sandcastle Help File Builder\Components\VS2013\styles\branding-Website.css -&gt; D:\a\PicoXLSX\PicoXLSX\docs\Working\Output\Website\styles\branding-Website.css
C:\Program Files (x86)\EWSoftware\Sandcastle Help File Builder\Components\VS2013\styles\branding-zh-CN.css -&gt; D:\a\PicoXLSX\PicoXLSX\docs\Working\Output\Website\styles\branding-zh-CN.css
C:\Program Files (x86)\EWSoftware\Sandcastle Help File Builder\Components\VS2013\styles\branding-zh-TW.css -&gt; D:\a\PicoXLSX\PicoXLSX\docs\Working\Output\Website\styles\branding-zh-TW.css
C:\Program Files (x86)\EWSoftware\Sandcastle Help File Builder\Components\VS2013\styles\branding.css -&gt; D:\a\PicoXLSX\PicoXLSX\docs\Working\Output\Website\styles\branding.css
C:\Program Files (x86)\EWSoftware\Sandcastle Help File Builder\Components\VS2013\Web\index.html -&gt; D:\a\PicoXLSX\PicoXLSX\docs\Working\Output\Website\index.html
C:\Program Files (x86)\EWSoftware\Sandcastle Help File Builder\Components\VS2013\Web\search.html -&gt; D:\a\PicoXLSX\PicoXLSX\docs\Working\Output\Website\search.html
C:\Program Files (x86)\EWSoftware\Sandcastle Help File Builder\Components\VS2013\Web\SearchHelp.aspx -&gt; D:\a\PicoXLSX\PicoXLSX\docs\Working\Output\Website\SearchHelp.aspx
C:\Program Files (x86)\EWSoftware\Sandcastle Help File Builder\Components\VS2013\Web\SearchHelp.inc.php -&gt; D:\a\PicoXLSX\PicoXLSX\docs\Working\Output\Website\SearchHelp.inc.php
C:\Program Files (x86)\EWSoftware\Sandcastle Help File Builder\Components\VS2013\Web\SearchHelp.php -&gt; D:\a\PicoXLSX\PicoXLSX\docs\Working\Output\Website\SearchHelp.php
C:\Program Files (x86)\EWSoftware\Sandcastle Help File Builder\Components\VS2013\Web\Web.Config -&gt; D:\a\PicoXLSX\PicoXLSX\docs\Working\Output\Website\Web.Config
C:\Program Files (x86)\EWSoftware\Sandcastle Help File Builder\Components\VS2013\Web\html\GeneralError.htm -&gt; D:\a\PicoXLSX\PicoXLSX\docs\Working\Output\Website\html\GeneralError.htm
C:\Program Files (x86)\EWSoftware\Sandcastle Help File Builder\Components\VS2013\Web\html\PageNotFound.htm -&gt; D:\a\PicoXLSX\PicoXLSX\docs\Working\Output\Website\html\PageNotFound.htm
C:\Program Files (x86)\EWSoftware\Sandcastle Help File Builder\Components\VS2013\Web\icons\Search.png -&gt; D:\a\PicoXLSX\PicoXLSX\docs\Working\Output\Website\icons\Search.png
C:\Program Files (x86)\EWSoftware\Sandcastle Help File Builder\Components\VS2013\Web\icons\TocClose.gif -&gt; D:\a\PicoXLSX\PicoXLSX\docs\Working\Output\Website\icons\TocClose.gif
C:\Program Files (x86)\EWSoftware\Sandcastle Help File Builder\Components\VS2013\Web\icons\TocCollapsed.gif -&gt; D:\a\PicoXLSX\PicoXLSX\docs\Working\Output\Website\icons\TocCollapsed.gif
C:\Program Files (x86)\EWSoftware\Sandcastle Help File Builder\Components\VS2013\Web\icons\TocExpanded.gif -&gt; D:\a\PicoXLSX\PicoXLSX\docs\Working\Output\Website\icons\TocExpanded.gif
C:\Program Files (x86)\EWSoftware\Sandcastle Help File Builder\Components\VS2013\Web\icons\TocOpen.gif -&gt; D:\a\PicoXLSX\PicoXLSX\docs\Working\Output\Website\icons\TocOpen.gif
C:\Program Files (x86)\EWSoftware\Sandcastle Help File Builder\Components\VS2013\Web\scripts\branding-Website.js -&gt; D:\a\PicoXLSX\PicoXLSX\docs\Working\Output\Website\scripts\branding-Website.js
C:\Program Files (x86)\EWSoftware\Sandcastle Help File Builder\Components\VS2013\Web\scripts\clipboard.min.js -&gt; D:\a\PicoXLSX\PicoXLSX\docs\Working\Output\Website\scripts\clipboard.min.js
C:\Program Files (x86)\EWSoftware\Sandcastle Help File Builder\Components\VS2013\Web\scripts\jquery-3.5.1.min.js -&gt; D:\a\PicoXLSX\PicoXLSX\docs\Working\Output\Website\scripts\jquery-3.5.1.min.js
    Last step completed in 00:00:00.2656
</buildStep>
<buildStep step="GenerateHelpProject">
Generating HTML Help 1 project file...
    Last step completed in 00:00:00.0156
</buildStep>
<buildStep step="CompilingHelpFile">
Compiling HTML Help 1 file...
[C:\Program Files\Microsoft Visual Studio\2022\Enterprise\MSBuild\Current\Bin\MSBuild.exe - Build1xHelpFile.proj]

  Microsoft HTML Help Compiler 4.74.8702
  
  
  
  Compiling d:\a\PicoXLSX\PicoXLSX\docs\Working\Output\HtmlHelp1\Documentation.chm
  
  
  
  
  
  Compile time: 0 minutes, 2 seconds
  
  983	Topics
  
  10,438	Local links
  
  3	Internet links
  
  0	Graphics
  
  
  
  
  
  Created d:\a\PicoXLSX\PicoXLSX\docs\Working\Output\HtmlHelp1\Documentation.chm, 1,030,204 bytes
  
  Compression decreased file by 5,441,281 bytes.
  
    Last step completed in 00:00:04.8308
</buildStep>
<buildStep step="GenerateFullTextIndex">
Generating full-text index for the website...

<plugIn name="Lightweight Website Style" behavior="After" priority="1000">
Adding lightweight search and TOC elements to each topic...
</plugIn>    Last step completed in 00:00:02.8934
</buildStep>
<buildStep step="CopyingWebsiteFiles">
Copying website files to output folder...

Copied 500 files
Copied 1000 files
Copied 1273 files for the website content
    Last step completed in 00:00:00.2656
</buildStep>
<buildStep step="CleanIntermediates">
Removing intermediate files...
    Last step completed in 00:00:00.1250
</buildStep>
<buildStep step="Completed">

Build completed successfully at 10/25/2024 11:02:37 PM.  Total time: 00:02:52.1239

</buildStep>
</shfbBuild>
